[ 50%] [32mBuilding CXX object CMakeFiles/teleop_tool.dir/src/teleop_tool.cc.o[0m
[01m[K/home/zyme/ros_ws/executive_teleop/executive_teleop/src/teleop_tool.cc:27:10:[m[K [01;31m[Kfatal error: [m[Kff_msgs/msg/AckCompletedStatus.h: No such file or directory
   27 | #include [01;31m[K<ff_msgs/msg/AckCompletedStatus.h>[m[K
      |          [01;31m[K^~~~~~~~~~~~~~~~~~~~~~~~~~~~~~~~~~[m[K
compilation terminated.
gmake[2]: *** [CMakeFiles/teleop_tool.dir/build.make:76: CMakeFiles/teleop_tool.dir/src/teleop_tool.cc.o] Error 1
gmake[1]: *** [CMakeFiles/Makefile2:137: CMakeFiles/teleop_tool.dir/all] Error 2
gmake: *** [Makefile:146: all] Error 2
