[0.106s] Invoking command in '/home/zyme/ros_ws/executive_teleop/executive_teleop/build/executive_teleop': CMAKE_PREFIX_PATH=/home/zyme/ros_ws/executive_teleop/executive_teleop/install/executive_teleop:/home/zyme/ros_ws/astrobee/install/states:/home/zyme/ros_ws/astrobee/install/light_flow:/home/zyme/ros_ws/astrobee/install/signal_lights:/home/zyme/ros_ws/astrobee/install/fam:/home/zyme/ros_ws/astrobee/install/astrobee_gazebo:/opt/ros/humble:/home/zyme/ros_ws/astrobee/install/pmc:/home/zyme/ros_ws/astrobee/install/perch:/home/zyme/ros_ws/astrobee/install/framestore:/home/zyme/ros_ws/astrobee/install/dock:/home/zyme/ros_ws/astrobee/install/ctl:/home/zyme/ros_ws/astrobee/install/arm:/home/zyme/ros_ws/astrobee/install/access_control:/home/zyme/ros_ws/astrobee/install/ff_util:/home/zyme/ros_ws/astrobee/install/msg_conversions:/home/zyme/ros_ws/astrobee/install/jsonloader:/home/zyme/ros_ws/astrobee/install/ff_msgs:/home/zyme/ros_ws/astrobee/install/ff_hw_msgs:/home/zyme/ros_ws/astrobee/install/camera:/home/zyme/ros_ws/astrobee/install/config_reader:/home/zyme/ros_ws/astrobee/install/ff_common:/home/zyme/ros_ws/astrobee/install/description:/home/zyme/ros_ws/astrobee/install/astrobee_iss:/home/zyme/ros_ws/astrobee/install/astrobee_handrail_8_5:/home/zyme/ros_ws/astrobee/install/astrobee_handrail_41_5:/home/zyme/ros_ws/astrobee/install/astrobee_handrail_30:/home/zyme/ros_ws/astrobee/install/astrobee_handrail_21_5:/home/zyme/ros_ws/astrobee/install/astrobee_granite:/home/zyme/ros_ws/astrobee/install/astrobee_freeflyer:/home/zyme/ros_ws/astrobee/install/astrobee_dock:/home/zyme/ros_ws/astrobee/install/astrobee:/home/zyme/ros_ws/kinect_ros2/install/kinect_ros2 /usr/bin/cmake --build /home/zyme/ros_ws/executive_teleop/executive_teleop/build/executive_teleop -- -j12 -l12
[0.147s] -- Found ament_cmake: 1.3.6 (/opt/ros/humble/share/ament_cmake/cmake)
[0.308s] -- Found rclcpp: 16.0.7 (/opt/ros/humble/share/rclcpp/cmake)
[0.375s] -- Found rosidl_generator_c: 3.1.5 (/opt/ros/humble/share/rosidl_generator_c/cmake)
[0.383s] -- Found rosidl_adapter: 3.1.5 (/opt/ros/humble/share/rosidl_adapter/cmake)
[0.395s] -- Found rosidl_generator_cpp: 3.1.5 (/opt/ros/humble/share/rosidl_generator_cpp/cmake)
[0.416s] -- Using all available rosidl_typesupport_c: rosidl_typesupport_fastrtps_c;rosidl_typesupport_introspection_c
[0.442s] -- Using all available rosidl_typesupport_cpp: rosidl_typesupport_fastrtps_cpp;rosidl_typesupport_introspection_cpp
[0.532s] -- Found rmw_implementation_cmake: 6.1.1 (/opt/ros/humble/share/rmw_implementation_cmake/cmake)
[0.537s] -- Found rmw_fastrtps_cpp: 6.2.5 (/opt/ros/humble/share/rmw_fastrtps_cpp/cmake)
[0.678s] -- Found OpenSSL: /usr/lib/x86_64-linux-gnu/libcrypto.so (found version "3.0.2")  
[0.712s] -- Found FastRTPS: /opt/ros/humble/include  
[0.768s] -- Using RMW implementation 'rmw_fastrtps_cpp' as default
[0.785s] -- Looking for pthread.h
[0.894s] -- Looking for pthread.h - found
[0.894s] -- Performing Test CMAKE_HAVE_LIBC_PTHREAD
[0.973s] -- Performing Test CMAKE_HAVE_LIBC_PTHREAD - Success
[0.974s] -- Found Threads: TRUE  
[1.150s] -- Found tf2_ros: 0.25.5 (/opt/ros/humble/share/tf2_ros/cmake)
[1.580s] -- Found sensor_msgs: 4.2.3 (/opt/ros/humble/share/sensor_msgs/cmake)
[1.675s] -- Found ff_msgs: 0.0.0 (/home/zyme/ros_ws/astrobee/install/ff_msgs/share/ff_msgs/cmake)
[1.937s] -- Found eigen3_cmake_module: 0.1.1 (/opt/ros/humble/share/eigen3_cmake_module/cmake)
[1.938s] -- Found Eigen3: TRUE (found version "3.4.0") 
[1.939s] -- Ensuring Eigen3 include directory is part of orocos-kdl CMake target
[2.088s] -- Found ament_lint_auto: 0.12.9 (/opt/ros/humble/share/ament_lint_auto/cmake)
[2.168s] -- Added test 'cppcheck' to perform static code analysis on C / C++ code
[2.169s] -- Configured cppcheck include dirs: 
[2.169s] -- Configured cppcheck exclude dirs and/or files: 
[2.170s] -- Added test 'flake8' to check Python code syntax and style conventions
[2.173s] -- Added test 'lint_cmake' to check CMake code style
[2.175s] -- Added test 'pep257' to check Python code against some of the docstring style conventions in PEP 257
[2.184s] -- Added test 'uncrustify' to check C / C++ code style
[2.185s] -- Configured uncrustify additional arguments: 
[2.186s] -- Added test 'xmllint' to check XML markup files
[2.187s] -- Configuring done
[2.203s] -- Generating done
[2.206s] -- Build files have been written to: /home/zyme/ros_ws/executive_teleop/executive_teleop/build/executive_teleop
[2.248s] [ 50%] [32mBuilding CXX object CMakeFiles/teleop_tool.dir/src/teleop_tool.cc.o[0m
[2.669s] [01m[K/home/zyme/ros_ws/executive_teleop/executive_teleop/src/teleop_tool.cc:27:10:[m[K [01;31m[Kfatal error: [m[Kff_msgs/AckCompletedStatus.h: No such file or directory
[2.670s]    27 | #include [01;31m[K<ff_msgs/AckCompletedStatus.h>[m[K
[2.670s]       |          [01;31m[K^~~~~~~~~~~~~~~~~~~~~~~~~~~~~~[m[K
[2.670s] compilation terminated.
[2.672s] gmake[2]: *** [CMakeFiles/teleop_tool.dir/build.make:76: CMakeFiles/teleop_tool.dir/src/teleop_tool.cc.o] Error 1
[2.672s] gmake[1]: *** [CMakeFiles/Makefile2:137: CMakeFiles/teleop_tool.dir/all] Error 2
[2.672s] gmake: *** [Makefile:146: all] Error 2
[2.675s] Invoked command in '/home/zyme/ros_ws/executive_teleop/executive_teleop/build/executive_teleop' returned '2': CMAKE_PREFIX_PATH=/home/zyme/ros_ws/executive_teleop/executive_teleop/install/executive_teleop:/home/zyme/ros_ws/astrobee/install/states:/home/zyme/ros_ws/astrobee/install/light_flow:/home/zyme/ros_ws/astrobee/install/signal_lights:/home/zyme/ros_ws/astrobee/install/fam:/home/zyme/ros_ws/astrobee/install/astrobee_gazebo:/opt/ros/humble:/home/zyme/ros_ws/astrobee/install/pmc:/home/zyme/ros_ws/astrobee/install/perch:/home/zyme/ros_ws/astrobee/install/framestore:/home/zyme/ros_ws/astrobee/install/dock:/home/zyme/ros_ws/astrobee/install/ctl:/home/zyme/ros_ws/astrobee/install/arm:/home/zyme/ros_ws/astrobee/install/access_control:/home/zyme/ros_ws/astrobee/install/ff_util:/home/zyme/ros_ws/astrobee/install/msg_conversions:/home/zyme/ros_ws/astrobee/install/jsonloader:/home/zyme/ros_ws/astrobee/install/ff_msgs:/home/zyme/ros_ws/astrobee/install/ff_hw_msgs:/home/zyme/ros_ws/astrobee/install/camera:/home/zyme/ros_ws/astrobee/install/config_reader:/home/zyme/ros_ws/astrobee/install/ff_common:/home/zyme/ros_ws/astrobee/install/description:/home/zyme/ros_ws/astrobee/install/astrobee_iss:/home/zyme/ros_ws/astrobee/install/astrobee_handrail_8_5:/home/zyme/ros_ws/astrobee/install/astrobee_handrail_41_5:/home/zyme/ros_ws/astrobee/install/astrobee_handrail_30:/home/zyme/ros_ws/astrobee/install/astrobee_handrail_21_5:/home/zyme/ros_ws/astrobee/install/astrobee_granite:/home/zyme/ros_ws/astrobee/install/astrobee_freeflyer:/home/zyme/ros_ws/astrobee/install/astrobee_dock:/home/zyme/ros_ws/astrobee/install/astrobee:/home/zyme/ros_ws/kinect_ros2/install/kinect_ros2 /usr/bin/cmake --build /home/zyme/ros_ws/executive_teleop/executive_teleop/build/executive_teleop -- -j12 -l12
